2026.01.09 11:36:41 INFO  Started: Metals version 1.6.4 in folders '/data/ubuntu/dimitris/git/STUDENTUML/studentuml' for client Visual Studio Code 1.105.1.
2026.01.09 11:36:45 WARN  Using H2 2.4.240 which is newer than the version Flyway has been verified with. The latest verified version of H2 is 2.3.232.
2026.01.09 11:36:48 INFO  no build target found for /data/ubuntu/dimitris/git/STUDENTUML/studentuml/src/test/java/edu/city/studentuml/controller/AddElementControllerFactoryTest.java. Using fallback presentation compiler.
Jan 09, 2026 11:36:48 A.M. org.eclipse.lsp4j.jsonrpc.RemoteEndpoint fallbackResponseError
SEVERE: Internal error: com/sun/source/tree/Tree
java.lang.NoClassDefFoundError: com/sun/source/tree/Tree
	at scala.meta.internal.pc.JavaPresentationCompiler.<init>(JavaPresentationCompiler.scala:49)
	at scala.meta.internal.metals.CompilerConfiguration$StandaloneJavaCompiler.<init>(CompilerConfiguration.scala:104)
	at scala.meta.internal.metals.Compilers.$anonfun$javaFallbackCompiler$1(Compilers.scala:187)
	at java.base/java.util.HashMap.compute(Unknown Source)
	at java.base/java.util.Collections$SynchronizedMap.compute(Unknown Source)
	at scala.meta.internal.metals.Compilers.javaFallbackCompiler(Compilers.scala:183)
	at scala.meta.internal.metals.Compilers.fromBuildTarget$1(Compilers.scala:1242)
	at scala.meta.internal.metals.Compilers.loadCompiler(Compilers.scala:1259)
	at scala.meta.internal.metals.Compilers.supportedCodeActions(Compilers.scala:1023)
	at scala.meta.internal.metals.codeactions.CodeActionProvider.actionsForParams(CodeActionProvider.scala:59)
	at scala.meta.internal.metals.codeactions.CodeActionProvider.codeActions(CodeActionProvider.scala:76)
	at scala.meta.internal.metals.MetalsLspService.$anonfun$codeAction$1(MetalsLspService.scala:1168)
	at scala.meta.internal.metals.CancelTokens$.future(CancelTokens.scala:38)
	at scala.meta.internal.metals.MetalsLspService.codeAction(MetalsLspService.scala:1167)
	at scala.meta.internal.metals.WorkspaceLspService.codeAction(WorkspaceLspService.scala:607)
	at scala.meta.metals.lsp.DelegatingScalaService.codeAction(DelegatingScalaService.scala:142)
	at java.base/jdk.internal.reflect.NativeMethodAccessorImpl.invoke0(Native Method)
	at java.base/jdk.internal.reflect.NativeMethodAccessorImpl.invoke(Unknown Source)
	at java.base/jdk.internal.reflect.DelegatingMethodAccessorImpl.invoke(Unknown Source)
	at java.base/java.lang.reflect.Method.invoke(Unknown Source)
	at org.eclipse.lsp4j.jsonrpc.services.GenericEndpoint.lambda$recursiveFindRpcMethods$0(GenericEndpoint.java:65)
	at org.eclipse.lsp4j.jsonrpc.services.GenericEndpoint.request(GenericEndpoint.java:128)
	at org.eclipse.lsp4j.jsonrpc.RemoteEndpoint.handleRequest(RemoteEndpoint.java:271)
	at org.eclipse.lsp4j.jsonrpc.RemoteEndpoint.consume(RemoteEndpoint.java:201)
	at org.eclipse.lsp4j.jsonrpc.json.StreamMessageProducer.handleMessage(StreamMessageProducer.java:185)
	at org.eclipse.lsp4j.jsonrpc.json.StreamMessageProducer.listen(StreamMessageProducer.java:97)
	at org.eclipse.lsp4j.jsonrpc.json.ConcurrentMessageProcessor.run(ConcurrentMessageProcessor.java:114)
	at java.base/java.util.concurrent.Executors$RunnableAdapter.call(Unknown Source)
	at java.base/java.util.concurrent.FutureTask.run(Unknown Source)
	at java.base/java.util.concurrent.ThreadPoolExecutor.runWorker(Unknown Source)
	at java.base/java.util.concurrent.ThreadPoolExecutor$Worker.run(Unknown Source)
	at java.base/java.lang.Thread.run(Unknown Source)
Caused by: java.lang.ClassNotFoundException: com.sun.source.tree.Tree
	at java.base/jdk.internal.loader.BuiltinClassLoader.loadClass(Unknown Source)
	at java.base/jdk.internal.loader.ClassLoaders$AppClassLoader.loadClass(Unknown Source)
	at java.base/java.lang.ClassLoader.loadClass(Unknown Source)
	... 32 more

2026.01.09 11:36:48 WARN  sql closed: select path, text, md5 from fingerprints;
